<?xml version="1.0" encoding="UTF-8"?>
<testng-results ignored="0" total="1" passed="1" failed="0" skipped="0">
  <reporter-output>
  </reporter-output>
  <suite started-at="2023-02-08T12:02:56 IST" name="Default suite" finished-at="2023-02-08T12:03:07 IST" duration-ms="10856">
    <groups>
    </groups>
    <test started-at="2023-02-08T12:02:56 IST" name="Default test" finished-at="2023-02-08T12:03:07 IST" duration-ms="10856">
      <class name="com.actitime.testscript.MainMethodClsPf">
        <test-method signature="validLogin()[pri:0, instance:com.actitime.testscript.MainMethodClsPf@2e4b8173]" started-at="2023-02-08T12:02:56 IST" name="validLogin" finished-at="2023-02-08T12:03:07 IST" duration-ms="10821" status="PASS">
          <reporter-output>
          </reporter-output>
        </test-method> <!-- validLogin -->
      </class> <!-- com.actitime.testscript.MainMethodClsPf -->
    </test> <!-- Default test -->
  </suite> <!-- Default suite -->
</testng-results>
